<?xml version="1.0" encoding="UTF-8"?>
<!-- Generated by org.testng.reporters.JUnitReportReporter -->
<testsuite hostname="Lenovo-v110" failures="0" tests="4" name="testPack.ToVerifyDetailsInImages" time="240.453" errors="0" timestamp="2022-11-01T20:06:18 IST" skipped="0">
  <testcase classname="testPack.ToVerifyDetailsInImages" name="verifyMahatmaGandhiPage" time="112.591"/>
  <system-out/>
  <testcase classname="testPack.ToVerifyDetailsInImages" name="verifyMahatmaGandhiPage" time="28.842"/>
  <system-out/>
  <testcase classname="testPack.ToVerifyDetailsInImages" name="verifyMoreDetailsButton" time="48.642"/>
  <system-out/>
  <testcase classname="testPack.ToVerifyDetailsInImages" name="verifyMoreDetailsButton" time="50.378"/>
  <system-out/>
</testsuite> <!-- testPack.ToVerifyDetailsInImages -->
