<?xml version="1.0" encoding="UTF-8"?>
<!-- Generated by org.testng.reporters.JUnitReportReporter -->
<testsuite hostname="Lenovo-v110" failures="0" tests="4" name="testPack.ToVerifyContactUsPageTestNg" time="123.558" errors="0" timestamp="2022-11-01T20:06:18 IST" skipped="0">
  <testcase classname="testPack.ToVerifyContactUsPageTestNg" name="verifyLicensing" time="10.905"/>
  <system-out/>
  <testcase classname="testPack.ToVerifyContactUsPageTestNg" name="verifyReadersButton" time="39.484"/>
  <system-out/>
  <testcase classname="testPack.ToVerifyContactUsPageTestNg" name="verifyLicensing" time="51.588"/>
  <system-out/>
  <testcase classname="testPack.ToVerifyContactUsPageTestNg" name="verifyReadersButton" time="21.581"/>
  <system-out/>
</testsuite> <!-- testPack.ToVerifyContactUsPageTestNg -->
